# JRE version: Java(TM) SE Runtime Environment 18.9 (11.0.13+10) (build 11.0.13+10-LTS-370)
# Java VM: Java HotSpot(TM) 64-Bit Server VM 18.9 (11.0.13+10-LTS-370, mixed mode, tiered, compressed oops, g1 gc, windows-amd64)
Heap:
 garbage-first heap   total 310272K, used 20554K [0x0000000705600000, 0x0000000800000000)
  region size 1024K, 10 young (10240K), 10 survivors (10240K)
 Metaspace       used 59273K, capacity 60023K, committed 60160K, reserved 1101824K
  class space    used 7658K, capacity 7975K, committed 8064K, reserved 1048576K
GC Heap History (10 events):
Event: 0.435 GC heap after
{Heap after GC invocations=1 (full 0):
 garbage-first heap   total 258048K, used 9141K [0x0000000705600000, 0x0000000800000000)
  region size 1024K, 3 young (3072K), 3 survivors (3072K)
 Metaspace       used 9714K, capacity 9921K, committed 9984K, reserved 1058816K
  class space    used 939K, capacity 972K, committed 1024K, reserved 1048576K
}
Event: 1.065 GC heap before
{Heap before GC invocations=1 (full 0):
 garbage-first heap   total 258048K, used 54197K [0x0000000705600000, 0x0000000800000000)
  region size 1024K, 48 young (49152K), 3 survivors (3072K)
 Metaspace       used 20613K, capacity 21146K, committed 21248K, reserved 1069056K
  class space    used 2263K, capacity 2460K, committed 2560K, reserved 1048576K
}
Event: 1.070 GC heap after
{Heap after GC invocations=2 (full 0):
 garbage-first heap   total 258048K, used 12536K [0x0000000705600000, 0x0000000800000000)
  region size 1024K, 7 young (7168K), 7 survivors (7168K)
 Metaspace       used 20613K, capacity 21146K, committed 21248K, reserved 1069056K
  class space    used 2263K, capacity 2460K, committed 2560K, reserved 1048576K
}
Event: 2.312 GC heap before
{Heap before GC invocations=3 (full 0):
 garbage-first heap   total 258048K, used 64760K [0x0000000705600000, 0x0000000800000000)
  region size 1024K, 56 young (57344K), 7 survivors (7168K)
 Metaspace       used 32518K, capacity 33271K, committed 33536K, reserved 1079296K
  class space    used 3769K, capacity 4071K, committed 4096K, reserved 1048576K
}
Event: 2.318 GC heap after
{Heap after GC invocations=4 (full 0):
 garbage-first heap   total 258048K, used 17901K [0x0000000705600000, 0x0000000800000000)
  region size 1024K, 7 young (7168K), 7 survivors (7168K)
 Metaspace       used 32518K, capacity 33271K, committed 33536K, reserved 1079296K
  class space    used 3769K, capacity 4071K, committed 4096K, reserved 1048576K
}
Event: 2.485 GC heap before
{Heap before GC invocations=4 (full 0):
 garbage-first heap   total 258048K, used 49645K [0x0000000705600000, 0x0000000800000000)
  region size 1024K, 39 young (39936K), 7 survivors (7168K)
 Metaspace       used 34961K, capacity 35671K, committed 35840K, reserved 1081344K
  class space    used 4187K, capacity 4487K, committed 4608K, reserved 1048576K
}
Event: 2.489 GC heap after
{Heap after GC invocations=5 (full 0):
 garbage-first heap   total 258048K, used 18248K [0x0000000705600000, 0x0000000800000000)
  region size 1024K, 7 young (7168K), 7 survivors (7168K)
 Metaspace       used 34961K, capacity 35671K, committed 35840K, reserved 1081344K
  class space    used 4187K, capacity 4487K, committed 4608K, reserved 1048576K
}
Event: 3.421 GC heap before
{Heap before GC invocations=6 (full 0):
 garbage-first heap   total 258048K, used 154440K [0x0000000705600000, 0x0000000800000000)
  region size 1024K, 140 young (143360K), 7 survivors (7168K)
 Metaspace       used 51290K, capacity 52087K, committed 52224K, reserved 1095680K
  class space    used 6512K, capacity 6823K, committed 6912K, reserved 1048576K
}
Event: 3.427 GC heap after
{Heap after GC invocations=7 (full 0):
 garbage-first heap   total 258048K, used 19884K [0x0000000705600000, 0x0000000800000000)
  region size 1024K, 9 young (9216K), 9 survivors (9216K)
 Metaspace       used 51290K, capacity 52087K, committed 52224K, reserved 1095680K
  class space    used 6512K, capacity 6823K, committed 6912K, reserved 1048576K
}
Event: 3.801 GC heap before
{Heap before GC invocations=7 (full 0):
 garbage-first heap   total 258048K, used 73132K [0x0000000705600000, 0x0000000800000000)
  region size 1024K, 62 young (63488K), 9 survivors (9216K)
 Metaspace       used 59273K, capacity 60023K, committed 60160K, reserved 1101824K
  class space    used 7658K, capacity 7975K, committed 8064K, reserved 1048576K
}

